<?xml version="1.0" encoding="UTF-8"?>
<!-- Generated by org.testng.reporters.JUnitXMLReporter -->
<testsuite hostname="LAPTOP-0EC05GSJ" ignored="0" name="Validate Title Test" tests="1" failures="1" timestamp="2021-04-07T13:02:43 IST" time="0.042" errors="0">
  <testcase name="validateTitle" time="0.029" classname="testcases.TestCase2">
    <failure type="java.lang.AssertionError" message="The following asserts failed:
	expected [Yahoo.com] but found [Google.com],
	Title Didnt Match expected [true] but found [false]">
      <![CDATA[java.lang.AssertionError: The following asserts failed:
expected [Yahoo.com] but found [Google.com],
Title Didnt Match expected [true] but found [false]
at testcases.TestCase2.validateTitle(TestCase2.java:22)
at java.util.ArrayList.forEach(Unknown Source)
... Removed 30 stack frames]]>
    </failure>
  </testcase> <!-- validateTitle -->
</testsuite> <!-- Validate Title Test -->
